20:13:43:879 [ALWAYS]	GUDE Logging Started
20:13:43:879 [INFO]	SqliteResumeCache::SqliteResumeCache basedirectory is null/empty
20:13:43:879 [ERROR]	SqliteResumeCache::CreateSqliteResumeCache creating resume cache pointer failure
20:13:43:879 [ERROR]	Initialize resume cache pointer failure
20:13:43:879 [INFO]	gude policy POLICY_USER limit (2,2,1) chunk 2097152, chunking (UL 0 DL 1), resXfer 1, adapt 0, NSURL 0, timeout 86400 
20:13:43:879 [INFO]	Initialized -- gude-lib version: v0.12.1 app: gude
20:13:45:976 [WARN]	Ignoring attempt to reinit logging to \gude at level 4 retaining 3 days of logs
20:13:45:976 [INFO]	SqliteResumeCache::SqliteResumeCache basedirectory is null/empty
20:13:45:976 [ERROR]	SqliteResumeCache::CreateSqliteResumeCache creating resume cache pointer failure
20:13:45:976 [ERROR]	Initialize resume cache pointer failure
20:13:45:976 [INFO]	gude policy POLICY_USER limit (4,4,1) chunk 2097152, chunking (UL 0 DL 1), resXfer 1, adapt 0, NSURL 1, timeout 86400 
20:13:45:976 [INFO]	Initialized -- gude-lib version: v0.12.1 app: gude
20:14:21:624 [ALWAYS]	GUDE Logging Started
20:14:21:624 [INFO]	SqliteResumeCache::SqliteResumeCache basedirectory is null/empty
20:14:21:624 [ERROR]	SqliteResumeCache::CreateSqliteResumeCache creating resume cache pointer failure
20:14:21:624 [ERROR]	Initialize resume cache pointer failure
20:14:21:624 [INFO]	gude policy POLICY_USER limit (2,2,1) chunk 2097152, chunking (UL 0 DL 1), resXfer 1, adapt 0, NSURL 0, timeout 86400 
20:14:21:624 [INFO]	Initialized -- gude-lib version: v0.12.1 app: gude
20:14:22:916 [WARN]	Ignoring attempt to reinit logging to \gude at level 4 retaining 3 days of logs
20:14:22:916 [INFO]	SqliteResumeCache::SqliteResumeCache basedirectory is null/empty
20:14:22:916 [ERROR]	SqliteResumeCache::CreateSqliteResumeCache creating resume cache pointer failure
20:14:22:916 [ERROR]	Initialize resume cache pointer failure
20:14:22:916 [INFO]	gude policy POLICY_USER limit (4,4,1) chunk 2097152, chunking (UL 0 DL 1), resXfer 1, adapt 0, NSURL 1, timeout 86400 
20:14:22:916 [INFO]	Initialized -- gude-lib version: v0.12.1 app: gude
