17:28:56:243 [ALWAYS]	GUDE Logging Started
17:28:56:243 [INFO]	SqliteResumeCache::SqliteResumeCache basedirectory is null/empty
17:28:56:243 [ERROR]	SqliteResumeCache::CreateSqliteResumeCache creating resume cache pointer failure
17:28:56:243 [ERROR]	Initialize resume cache pointer failure
17:28:56:243 [INFO]	gude policy POLICY_USER limit (2,2,1) chunk 2097152, chunking (UL 0 DL 1), resXfer 1, adapt 0, NSURL 0, timeout 86400 
17:28:56:243 [INFO]	Initialized -- gude-lib version: v0.12.1 app: gude
17:28:57:367 [WARN]	Ignoring attempt to reinit logging to \gude at level 4 retaining 3 days of logs
17:28:57:367 [INFO]	SqliteResumeCache::SqliteResumeCache basedirectory is null/empty
17:28:57:367 [ERROR]	SqliteResumeCache::CreateSqliteResumeCache creating resume cache pointer failure
17:28:57:367 [ERROR]	Initialize resume cache pointer failure
17:28:57:367 [INFO]	gude policy POLICY_USER limit (4,4,1) chunk 2097152, chunking (UL 0 DL 1), resXfer 1, adapt 0, NSURL 1, timeout 86400 
17:28:57:367 [INFO]	Initialized -- gude-lib version: v0.12.1 app: gude
23:49:56:855 [ALWAYS]	GUDE Logging Started
23:49:56:855 [INFO]	SqliteResumeCache::SqliteResumeCache basedirectory is null/empty
23:49:56:855 [ERROR]	SqliteResumeCache::CreateSqliteResumeCache creating resume cache pointer failure
23:49:56:855 [ERROR]	Initialize resume cache pointer failure
23:49:56:855 [INFO]	gude policy POLICY_USER limit (2,2,1) chunk 2097152, chunking (UL 0 DL 1), resXfer 1, adapt 0, NSURL 0, timeout 86400 
23:49:56:855 [INFO]	Initialized -- gude-lib version: v0.12.1 app: gude
23:49:58:194 [WARN]	Ignoring attempt to reinit logging to \gude at level 4 retaining 3 days of logs
23:49:58:194 [INFO]	SqliteResumeCache::SqliteResumeCache basedirectory is null/empty
23:49:58:194 [ERROR]	SqliteResumeCache::CreateSqliteResumeCache creating resume cache pointer failure
23:49:58:194 [ERROR]	Initialize resume cache pointer failure
23:49:58:195 [INFO]	gude policy POLICY_USER limit (4,4,1) chunk 2097152, chunking (UL 0 DL 1), resXfer 1, adapt 0, NSURL 1, timeout 86400 
23:49:58:195 [INFO]	Initialized -- gude-lib version: v0.12.1 app: gude
